[2021-07-02 21:35:15,863] multiqc                                            [DEBUG  ]  No MultiQC config found: /Users/yaqing/anaconda3/lib/python3.7/site-packages/multiqc_config.yaml
[2021-07-02 21:35:15,863] multiqc                                            [DEBUG  ]  No MultiQC config found: /Users/yaqing/.multiqc_config.yaml
[2021-07-02 21:35:15,864] multiqc                                            [DEBUG  ]  No MultiQC config found: multiqc_config.yaml
[2021-07-02 21:35:15,864] multiqc                                            [DEBUG  ]  Command used: /Users/yaqing/anaconda3/bin/multiqc ../test_data -f
[2021-07-02 21:35:17,285] multiqc                                            [WARNING]  MultiQC Version v1.10.1 now available!
[2021-07-02 21:35:17,285] multiqc                                            [INFO   ]  Running Quartet Metabolomics MultiQC Plugin v0.1.0
[2021-07-02 21:35:17,286] multiqc                                            [INFO   ]  Running Quartet Proteomics MultiQC Plugin v0.1.0
[2021-07-02 21:35:17,286] multiqc                                            [INFO   ]  This is MultiQC v1.9
[2021-07-02 21:35:17,286] multiqc                                            [DEBUG  ]  Command     : /Users/yaqing/anaconda3/bin/multiqc ../test_data -f
[2021-07-02 21:35:17,286] multiqc                                            [DEBUG  ]  Working dir : /Users/yaqing/Master/Projects/Quartet/QCtools-proteome/quartet-proteome-report
[2021-07-02 21:35:17,286] multiqc                                            [INFO   ]  Template    : default
[2021-07-02 21:35:17,286] multiqc                                            [DEBUG  ]  Running Python 3.7.7 (default, Mar 23 2020, 17:31:31)  [Clang 4.0.1 (tags/RELEASE_401/final)]
[2021-07-02 21:35:17,286] multiqc                                            [INFO   ]  Searching   : /Users/yaqing/Master/Projects/Quartet/QCtools-proteome/test_data
[2021-07-02 21:35:17,287] multiqc                                            [DEBUG  ]  Analysing modules: adapterRemoval, afterqc, bamtools, bbmap, bcftools, bcl2fastq, biobambam2, biobloomtools, biscuit, bismark, bowtie1, bowtie2, busco, clipandmerge, clusterflow, conpair, custom_content, cutadapt, damageprofiler, dedup, deeptools, disambiguate, dragen, fastp, fastq_screen, fastqc, featureCounts, fgbio, flash, flexbar, gatk, goleft_indexcov, happy, hicexplorer, hicpro, hicup, hisat2, homer, htseq, interop, ivar, jellyfish, kaiju, kallisto, kat, kraken, leehom, longranger, macs2, malt, methylQA, minionqc, mirtop, mirtrace, mosdepth, mtnucratio, multivcfanalyzer, peddy, phantompeakqualtools, picard, preseq, prokka, pycoqc, qorts, qualimap, quast, rna_seqc, rockhopper, rsem, rseqc, salmon, samblaster, samtools, sargasso, seqyclean, sexdeterrmine, sickle, skewer, slamdunk, snpeff, snpsplit, somalier, sortmerna, stacks, star, supernova, theta2, tophat, trimmomatic, varscan2, vcftools, verifybamid, data_generation_information, conclusion, snr, correlation, supplementary
[2021-07-02 21:35:17,288] multiqc                                            [DEBUG  ]  Using temporary directory for creating report: /var/folders/k8/3gq8q_rx4_gfgc3mv4sv1wnw0000gn/T/tmp878hlfvw
[2021-07-02 21:35:17,329] multiqc                                            [DEBUG  ]  File ignored by hicexplorer because it exceeded search pattern filesize limit: corr_table.tsv
[2021-07-02 21:35:17,331] multiqc                                            [DEBUG  ]  File ignored by longranger/invocation because it exceeded search pattern filesize limit: corr_table.tsv
[2021-07-02 21:35:17,355] multiqc                                            [DEBUG  ]  File ignored by hicexplorer because it exceeded search pattern filesize limit: deps_table.tsv
[2021-07-02 21:35:17,356] multiqc                                            [DEBUG  ]  File ignored by longranger/invocation because it exceeded search pattern filesize limit: deps_table.tsv
[2021-07-02 21:35:17,356] multiqc                                            [DEBUG  ]  File ignored by rockhopper because it exceeded search pattern filesize limit: deps_table.tsv
[2021-07-02 21:35:17,356] multiqc                                            [DEBUG  ]  File ignored by rseqc/bam_stat because it exceeded search pattern filesize limit: deps_table.tsv
[2021-07-02 21:35:17,356] multiqc                                            [DEBUG  ]  File ignored by rseqc/junction_annotation because it exceeded search pattern filesize limit: deps_table.tsv
[2021-07-02 21:35:17,356] multiqc                                            [DEBUG  ]  File ignored by rseqc/read_distribution because it exceeded search pattern filesize limit: deps_table.tsv
[2021-07-02 21:35:17,356] multiqc                                            [DEBUG  ]  File ignored by rseqc/infer_experiment because it exceeded search pattern filesize limit: deps_table.tsv
[2021-07-02 21:35:17,368] multiqc                                            [DEBUG  ]  File ignored by stacks/sumstats because it exceeded search pattern filesize limit: deps_table.tsv
[2021-07-02 21:35:17,979] multiqc.plots.bargraph                             [DEBUG  ]  Using matplotlib version 3.1.3
[2021-07-02 21:35:17,980] multiqc.plots.linegraph                            [DEBUG  ]  Using matplotlib version 3.1.3
[2021-07-02 21:35:18,073] multiqc                                            [DEBUG  ]  No samples found: adapterRemoval
[2021-07-02 21:35:18,078] multiqc                                            [DEBUG  ]  No samples found: afterqc
[2021-07-02 21:35:18,085] multiqc                                            [DEBUG  ]  No samples found: bamtools
[2021-07-02 21:35:18,094] multiqc                                            [DEBUG  ]  No samples found: bbmap
[2021-07-02 21:35:18,098] multiqc                                            [DEBUG  ]  No samples found: bcftools
[2021-07-02 21:35:18,104] multiqc                                            [DEBUG  ]  No samples found: bcl2fastq
[2021-07-02 21:35:18,128] multiqc                                            [DEBUG  ]  No samples found: biobambam2
[2021-07-02 21:35:18,134] multiqc                                            [DEBUG  ]  No samples found: biobloomtools
[2021-07-02 21:35:18,139] multiqc                                            [DEBUG  ]  No samples found: biscuit
[2021-07-02 21:35:18,143] multiqc                                            [DEBUG  ]  No samples found: bismark
[2021-07-02 21:35:18,148] multiqc                                            [DEBUG  ]  No samples found: bowtie1
[2021-07-02 21:35:18,153] multiqc                                            [DEBUG  ]  No samples found: bowtie2
[2021-07-02 21:35:18,159] multiqc                                            [DEBUG  ]  No samples found: busco
[2021-07-02 21:35:18,166] multiqc                                            [DEBUG  ]  No samples found: clipandmerge
[2021-07-02 21:35:18,173] multiqc                                            [DEBUG  ]  No samples found: clusterflow
[2021-07-02 21:35:18,177] multiqc                                            [DEBUG  ]  No samples found: conpair
[2021-07-02 21:35:18,185] multiqc                                            [DEBUG  ]  No samples found: custom_content
[2021-07-02 21:35:18,190] multiqc                                            [DEBUG  ]  No samples found: cutadapt
[2021-07-02 21:35:18,195] multiqc                                            [DEBUG  ]  No samples found: damageprofiler
[2021-07-02 21:35:18,201] multiqc                                            [DEBUG  ]  No samples found: dedup
[2021-07-02 21:35:18,215] multiqc                                            [DEBUG  ]  No samples found: deeptools
[2021-07-02 21:35:18,219] multiqc                                            [DEBUG  ]  No samples found: disambiguate
[2021-07-02 21:35:18,232] multiqc                                            [DEBUG  ]  No samples found: dragen
[2021-07-02 21:35:18,236] multiqc                                            [DEBUG  ]  No samples found: fastp
[2021-07-02 21:35:18,240] multiqc                                            [DEBUG  ]  No samples found: fastq_screen
[2021-07-02 21:35:18,247] multiqc                                            [DEBUG  ]  No samples found: fastqc
[2021-07-02 21:35:18,253] multiqc                                            [DEBUG  ]  No samples found: featureCounts
[2021-07-02 21:35:18,261] multiqc                                            [DEBUG  ]  No samples found: fgbio
[2021-07-02 21:35:18,267] multiqc                                            [DEBUG  ]  No samples found: flash
[2021-07-02 21:35:18,272] multiqc                                            [DEBUG  ]  No samples found: flexbar
[2021-07-02 21:35:18,279] multiqc                                            [DEBUG  ]  No samples found: gatk
[2021-07-02 21:35:18,285] multiqc                                            [DEBUG  ]  No samples found: goleft_indexcov
[2021-07-02 21:35:18,291] multiqc                                            [DEBUG  ]  No samples found: happy
[2021-07-02 21:35:18,296] multiqc                                            [DEBUG  ]  No samples found: hicexplorer
[2021-07-02 21:35:18,301] multiqc                                            [DEBUG  ]  No samples found: hicpro
[2021-07-02 21:35:18,306] multiqc                                            [DEBUG  ]  No samples found: hicup
[2021-07-02 21:35:18,311] multiqc                                            [DEBUG  ]  No samples found: hisat2
[2021-07-02 21:35:18,319] multiqc                                            [DEBUG  ]  No samples found: homer
[2021-07-02 21:35:18,325] multiqc                                            [DEBUG  ]  No samples found: htseq
[2021-07-02 21:35:18,330] multiqc                                            [DEBUG  ]  No samples found: interop
[2021-07-02 21:35:18,334] multiqc                                            [DEBUG  ]  No samples found: ivar
[2021-07-02 21:35:18,337] multiqc                                            [DEBUG  ]  No samples found: jellyfish
[2021-07-02 21:35:18,341] multiqc                                            [DEBUG  ]  No samples found: kaiju
[2021-07-02 21:35:18,345] multiqc                                            [DEBUG  ]  No samples found: kallisto
[2021-07-02 21:35:18,353] multiqc                                            [DEBUG  ]  No samples found: kat
[2021-07-02 21:35:18,358] multiqc                                            [DEBUG  ]  No samples found: kraken
[2021-07-02 21:35:18,363] multiqc                                            [DEBUG  ]  No samples found: leehom
[2021-07-02 21:35:18,369] multiqc                                            [DEBUG  ]  No samples found: longranger
[2021-07-02 21:35:18,375] multiqc                                            [DEBUG  ]  No samples found: macs2
[2021-07-02 21:35:18,380] multiqc                                            [DEBUG  ]  No samples found: malt
[2021-07-02 21:35:18,386] multiqc                                            [DEBUG  ]  No samples found: methylQA
[2021-07-02 21:35:18,391] multiqc                                            [DEBUG  ]  No samples found: minionqc
[2021-07-02 21:35:18,396] multiqc                                            [DEBUG  ]  No samples found: mirtop
[2021-07-02 21:35:18,401] multiqc                                            [DEBUG  ]  No samples found: mirtrace
[2021-07-02 21:35:18,406] multiqc                                            [DEBUG  ]  No samples found: mosdepth
[2021-07-02 21:35:18,412] multiqc                                            [DEBUG  ]  No samples found: mtnucratio
[2021-07-02 21:35:18,417] multiqc                                            [DEBUG  ]  No samples found: multivcfanalyzer
[2021-07-02 21:35:18,422] multiqc                                            [DEBUG  ]  No samples found: peddy
[2021-07-02 21:35:18,428] multiqc                                            [DEBUG  ]  No samples found: phantompeakqualtools
[2021-07-02 21:35:18,431] multiqc                                            [DEBUG  ]  No samples found: picard
[2021-07-02 21:35:18,436] multiqc                                            [DEBUG  ]  No samples found: preseq
[2021-07-02 21:35:18,441] multiqc                                            [DEBUG  ]  No samples found: prokka
[2021-07-02 21:35:18,446] multiqc                                            [DEBUG  ]  No samples found: pycoqc
[2021-07-02 21:35:18,451] multiqc                                            [DEBUG  ]  No samples found: qorts
[2021-07-02 21:35:18,455] multiqc                                            [DEBUG  ]  No samples found: qualimap
[2021-07-02 21:35:18,460] multiqc                                            [DEBUG  ]  No samples found: quast
[2021-07-02 21:35:18,465] multiqc                                            [DEBUG  ]  No samples found: rna_seqc
[2021-07-02 21:35:18,473] multiqc                                            [DEBUG  ]  No samples found: rockhopper
[2021-07-02 21:35:18,480] multiqc                                            [DEBUG  ]  No samples found: rsem
[2021-07-02 21:35:18,497] multiqc                                            [DEBUG  ]  No samples found: rseqc
[2021-07-02 21:35:18,503] multiqc                                            [DEBUG  ]  No samples found: salmon
[2021-07-02 21:35:18,508] multiqc                                            [DEBUG  ]  No samples found: samblaster
[2021-07-02 21:35:18,518] multiqc                                            [DEBUG  ]  No samples found: samtools
[2021-07-02 21:35:18,523] multiqc                                            [DEBUG  ]  No samples found: sargasso
[2021-07-02 21:35:18,528] multiqc                                            [DEBUG  ]  No samples found: seqyclean
[2021-07-02 21:35:18,532] multiqc                                            [DEBUG  ]  No samples found: sexdeterrmine
[2021-07-02 21:35:18,536] multiqc                                            [DEBUG  ]  No samples found: sickle
[2021-07-02 21:35:18,541] multiqc                                            [DEBUG  ]  No samples found: skewer
[2021-07-02 21:35:18,545] multiqc                                            [DEBUG  ]  No samples found: slamdunk
[2021-07-02 21:35:18,550] multiqc                                            [DEBUG  ]  No samples found: snpeff
[2021-07-02 21:35:18,555] multiqc                                            [DEBUG  ]  No samples found: snpsplit
[2021-07-02 21:35:18,559] multiqc                                            [DEBUG  ]  No samples found: somalier
[2021-07-02 21:35:18,564] multiqc                                            [DEBUG  ]  No samples found: sortmerna
[2021-07-02 21:35:18,569] multiqc                                            [DEBUG  ]  No samples found: stacks
[2021-07-02 21:35:18,573] multiqc                                            [DEBUG  ]  No samples found: star
[2021-07-02 21:35:18,579] multiqc                                            [DEBUG  ]  No samples found: supernova
[2021-07-02 21:35:18,585] multiqc                                            [DEBUG  ]  No samples found: theta2
[2021-07-02 21:35:18,589] multiqc                                            [DEBUG  ]  No samples found: tophat
[2021-07-02 21:35:18,594] multiqc                                            [DEBUG  ]  No samples found: trimmomatic
[2021-07-02 21:35:18,599] multiqc                                            [DEBUG  ]  No samples found: varscan2
[2021-07-02 21:35:18,609] multiqc                                            [DEBUG  ]  No samples found: vcftools
[2021-07-02 21:35:18,614] multiqc                                            [DEBUG  ]  No samples found: verifybamid
[2021-07-02 21:35:18,988] multiqc                                            [ERROR  ]  Oops! The 'conclusion' MultiQC module broke... 
  Please copy the following traceback and report it at https://github.com/ewels/MultiQC/issues 
  If possible, please include a log file that triggers the error - the last file found was:
    ../test_data/general_information.json
============================================================
Module conclusion raised an exception: Traceback (most recent call last):
  File "/Users/yaqing/anaconda3/lib/python3.7/site-packages/multiqc/multiqc.py", line 569, in run
    output = mod()
  File "/Users/yaqing/Master/Projects/Quartet/QCtools-proteome/quartet-proteome-report/quartet_proteome_report/modules/conclusion/conclusion.py", line 37, in __init__
    content = pd.read_csv(f_p, sep = "\t")
UnboundLocalError: local variable 'f_p' referenced before assignment
============================================================
[2021-07-02 21:35:18,994] multiqc                                            [DEBUG  ]  No file matched: snr - pca_table.txt
[2021-07-02 21:35:19,000] multiqc                                            [DEBUG  ]  No file matched: correlation - pca_table.tsv
[2021-07-02 21:35:19,006] multiqc                                            [INFO   ]  Compressing plot data
[2021-07-02 21:35:19,007] multiqc                                            [INFO   ]  Report      : multiqc_report.html
[2021-07-02 21:35:19,007] multiqc                                            [INFO   ]  Data        : multiqc_data
[2021-07-02 21:35:19,007] multiqc                                            [DEBUG  ]  Moving data file from '/var/folders/k8/3gq8q_rx4_gfgc3mv4sv1wnw0000gn/T/tmp878hlfvw/multiqc_data' to '/Users/yaqing/Master/Projects/Quartet/QCtools-proteome/quartet-proteome-report/multiqc_data'
[2021-07-02 21:35:19,126] multiqc                                            [INFO   ]  MultiQC complete
